<?xml version="1.0" encoding="UTF-8"?>
<testng-results ignored="0" total="1" passed="1" failed="0" skipped="0">
  <reporter-output>
  </reporter-output>
  <suite started-at="2024-04-28T16:26:28 MDT" name="Surefire suite" finished-at="2024-04-28T16:26:28 MDT" duration-ms="56">
    <groups>
    </groups>
    <test started-at="2024-04-28T16:26:28 MDT" name="Surefire test" finished-at="2024-04-28T16:26:28 MDT" duration-ms="56">
      <class name="com.qa.murodjoni.AppTest">
        <test-method signature="shouldAnswerWithTrue()" started-at="2024-04-28T16:26:28 MDT" name="shouldAnswerWithTrue" finished-at="2024-04-28T16:26:28 MDT" duration-ms="12" status="PASS">
          <reporter-output>
          </reporter-output>
        </test-method> <!-- shouldAnswerWithTrue -->
      </class> <!-- com.qa.murodjoni.AppTest -->
    </test> <!-- Surefire test -->
  </suite> <!-- Surefire suite -->
</testng-results>
